{"/home/pawel/Documents/wit/year4/semester1/modules/Fyp/Users-APIv2/app.js":{"path":"/home/pawel/Documents/wit/year4/semester1/modules/Fyp/Users-APIv2/app.js","s":{"1":1,"2":1,"3":1,"4":1,"5":1,"6":1,"7":1,"8":1,"9":1,"10":1,"11":1,"12":1,"13":1,"14":1,"15":1,"16":1,"17":0,"18":0,"19":0,"20":0,"21":0,"22":0,"23":1,"24":1,"25":0,"26":0,"27":0,"28":1},"b":{"1":[0,1]},"f":{"1":0,"2":0,"3":0},"fnMap":{"1":{"name":"(anonymous_1)","line":20,"loc":{"start":{"line":20,"column":13},"end":{"line":20,"column":37}}},"2":{"name":"(anonymous_2)","line":21,"loc":{"start":{"line":21,"column":11},"end":{"line":21,"column":30}}},"3":{"name":"(anonymous_3)","line":45,"loc":{"start":{"line":45,"column":19},"end":{"line":45,"column":30}}}},"statementMap":{"1":{"start":{"line":1,"column":0},"end":{"line":1,"column":33}},"2":{"start":{"line":2,"column":0},"end":{"line":2,"column":35}},"3":{"start":{"line":3,"column":0},"end":{"line":3,"column":27}},"4":{"start":{"line":4,"column":0},"end":{"line":4,"column":31}},"5":{"start":{"line":5,"column":0},"end":{"line":5,"column":27}},"6":{"start":{"line":6,"column":0},"end":{"line":6,"column":31}},"7":{"start":{"line":7,"column":0},"end":{"line":7,"column":23}},"8":{"start":{"line":8,"column":0},"end":{"line":8,"column":32}},"9":{"start":{"line":9,"column":0},"end":{"line":9,"column":52}},"10":{"start":{"line":11,"column":0},"end":{"line":11,"column":20}},"11":{"start":{"line":14,"column":0},"end":{"line":14,"column":16}},"12":{"start":{"line":15,"column":0},"end":{"line":15,"column":56}},"13":{"start":{"line":16,"column":0},"end":{"line":16,"column":23}},"14":{"start":{"line":17,"column":0},"end":{"line":17,"column":48}},"15":{"start":{"line":18,"column":0},"end":{"line":18,"column":30}},"16":{"start":{"line":20,"column":0},"end":{"line":32,"column":3}},"17":{"start":{"line":21,"column":2},"end":{"line":27,"column":4}},"18":{"start":{"line":22,"column":4},"end":{"line":22,"column":42}},"19":{"start":{"line":23,"column":4},"end":{"line":23,"column":48}},"20":{"start":{"line":24,"column":4},"end":{"line":24,"column":31}},"21":{"start":{"line":26,"column":4},"end":{"line":26,"column":16}},"22":{"start":{"line":29,"column":2},"end":{"line":31,"column":5}},"23":{"start":{"line":35,"column":0},"end":{"line":35,"column":34}},"24":{"start":{"line":39,"column":0},"end":{"line":48,"column":1}},"25":{"start":{"line":42,"column":2},"end":{"line":42,"column":48}},"26":{"start":{"line":45,"column":2},"end":{"line":47,"column":5}},"27":{"start":{"line":46,"column":4},"end":{"line":46,"column":78}},"28":{"start":{"line":50,"column":0},"end":{"line":50,"column":21}}},"branchMap":{"1":{"line":39,"type":"if","locations":[{"start":{"line":39,"column":0},"end":{"line":39,"column":0}},{"start":{"line":39,"column":0},"end":{"line":39,"column":0}}]}}},"/home/pawel/Documents/wit/year4/semester1/modules/Fyp/Users-APIv2/controllers/users.js":{"path":"/home/pawel/Documents/wit/year4/semester1/modules/Fyp/Users-APIv2/controllers/users.js","s":{"1":1,"2":1,"3":1,"4":1,"5":1,"6":1,"7":1,"8":1,"9":1,"10":0,"11":1,"12":1,"13":1,"14":1,"15":0,"16":1,"17":0,"18":1,"19":1,"20":3,"21":3,"22":3,"23":1,"24":1,"25":1,"26":0,"27":1,"28":1,"29":1,"30":1,"31":0,"32":1,"33":1},"b":{"1":[0,1],"2":[0,1],"3":[0,1],"4":[0,1],"5":[0,1]},"f":{"1":1,"2":1,"3":1,"4":1,"5":3,"6":3,"7":1,"8":1,"9":1,"10":1},"fnMap":{"1":{"name":"(anonymous_1)","line":15,"loc":{"start":{"line":15,"column":16},"end":{"line":15,"column":35}}},"2":{"name":"(anonymous_2)","line":16,"loc":{"start":{"line":16,"column":16},"end":{"line":16,"column":37}}},"3":{"name":"(anonymous_3)","line":29,"loc":{"start":{"line":29,"column":19},"end":{"line":29,"column":38}}},"4":{"name":"(anonymous_4)","line":32,"loc":{"start":{"line":32,"column":5},"end":{"line":32,"column":25}}},"5":{"name":"(anonymous_5)","line":49,"loc":{"start":{"line":49,"column":23},"end":{"line":49,"column":48}}},"6":{"name":"(anonymous_6)","line":51,"loc":{"start":{"line":51,"column":19},"end":{"line":51,"column":37}}},"7":{"name":"(anonymous_7)","line":58,"loc":{"start":{"line":58,"column":26},"end":{"line":58,"column":45}}},"8":{"name":"(anonymous_8)","line":59,"loc":{"start":{"line":59,"column":40},"end":{"line":59,"column":54}}},"9":{"name":"(anonymous_9)","line":71,"loc":{"start":{"line":71,"column":26},"end":{"line":71,"column":44}}},"10":{"name":"(anonymous_10)","line":72,"loc":{"start":{"line":72,"column":53},"end":{"line":72,"column":72}}}},"statementMap":{"1":{"start":{"line":1,"column":0},"end":{"line":1,"column":37}},"2":{"start":{"line":2,"column":0},"end":{"line":2,"column":33}},"3":{"start":{"line":3,"column":0},"end":{"line":3,"column":30}},"4":{"start":{"line":5,"column":0},"end":{"line":5,"column":40}},"5":{"start":{"line":8,"column":0},"end":{"line":10,"column":4}},"6":{"start":{"line":11,"column":0},"end":{"line":11,"column":30}},"7":{"start":{"line":15,"column":0},"end":{"line":25,"column":3}},"8":{"start":{"line":16,"column":2},"end":{"line":24,"column":5}},"9":{"start":{"line":17,"column":4},"end":{"line":21,"column":5}},"10":{"start":{"line":18,"column":6},"end":{"line":20,"column":9}},"11":{"start":{"line":23,"column":4},"end":{"line":23,"column":20}},"12":{"start":{"line":29,"column":0},"end":{"line":45,"column":3}},"13":{"start":{"line":30,"column":2},"end":{"line":44,"column":5}},"14":{"start":{"line":33,"column":4},"end":{"line":37,"column":5}},"15":{"start":{"line":34,"column":6},"end":{"line":36,"column":9}},"16":{"start":{"line":39,"column":4},"end":{"line":41,"column":5}},"17":{"start":{"line":40,"column":6},"end":{"line":40,"column":35}},"18":{"start":{"line":43,"column":4},"end":{"line":43,"column":19}},"19":{"start":{"line":49,"column":0},"end":{"line":54,"column":3}},"20":{"start":{"line":50,"column":2},"end":{"line":50,"column":32}},"21":{"start":{"line":51,"column":2},"end":{"line":53,"column":5}},"22":{"start":{"line":52,"column":4},"end":{"line":52,"column":34}},"23":{"start":{"line":58,"column":0},"end":{"line":67,"column":3}},"24":{"start":{"line":59,"column":2},"end":{"line":66,"column":5}},"25":{"start":{"line":60,"column":4},"end":{"line":64,"column":5}},"26":{"start":{"line":61,"column":6},"end":{"line":63,"column":9}},"27":{"start":{"line":65,"column":4},"end":{"line":65,"column":41}},"28":{"start":{"line":71,"column":0},"end":{"line":80,"column":3}},"29":{"start":{"line":72,"column":2},"end":{"line":79,"column":5}},"30":{"start":{"line":73,"column":4},"end":{"line":77,"column":2}},"31":{"start":{"line":74,"column":6},"end":{"line":76,"column":6}},"32":{"start":{"line":78,"column":4},"end":{"line":78,"column":31}},"33":{"start":{"line":82,"column":0},"end":{"line":82,"column":24}}},"branchMap":{"1":{"line":17,"type":"if","locations":[{"start":{"line":17,"column":4},"end":{"line":17,"column":4}},{"start":{"line":17,"column":4},"end":{"line":17,"column":4}}]},"2":{"line":33,"type":"if","locations":[{"start":{"line":33,"column":4},"end":{"line":33,"column":4}},{"start":{"line":33,"column":4},"end":{"line":33,"column":4}}]},"3":{"line":39,"type":"if","locations":[{"start":{"line":39,"column":4},"end":{"line":39,"column":4}},{"start":{"line":39,"column":4},"end":{"line":39,"column":4}}]},"4":{"line":60,"type":"if","locations":[{"start":{"line":60,"column":4},"end":{"line":60,"column":4}},{"start":{"line":60,"column":4},"end":{"line":60,"column":4}}]},"5":{"line":73,"type":"if","locations":[{"start":{"line":73,"column":4},"end":{"line":73,"column":4}},{"start":{"line":73,"column":4},"end":{"line":73,"column":4}}]}}},"/home/pawel/Documents/wit/year4/semester1/modules/Fyp/Users-APIv2/models/user.js":{"path":"/home/pawel/Documents/wit/year4/semester1/modules/Fyp/Users-APIv2/models/user.js","s":{"1":1,"2":1,"3":1,"4":1},"b":{},"f":{},"fnMap":{},"statementMap":{"1":{"start":{"line":1,"column":0},"end":{"line":1,"column":35}},"2":{"start":{"line":2,"column":0},"end":{"line":2,"column":29}},"3":{"start":{"line":4,"column":0},"end":{"line":21,"column":3}},"4":{"start":{"line":23,"column":0},"end":{"line":23,"column":22}}},"branchMap":{}},"/home/pawel/Documents/wit/year4/semester1/modules/Fyp/Users-APIv2/seed/seed.js":{"path":"/home/pawel/Documents/wit/year4/semester1/modules/Fyp/Users-APIv2/seed/seed.js","s":{"1":1,"2":1,"3":1,"4":1,"5":1,"6":1,"7":1,"8":1,"9":0,"10":0,"11":0,"12":0,"13":1,"14":1,"15":0,"16":1,"17":1,"18":0,"19":0,"20":1},"b":{"1":[0,1],"2":[0,0],"3":[0,1],"4":[0,1]},"f":{"1":1,"2":1,"3":1,"4":1,"5":0},"fnMap":{"1":{"name":"(anonymous_1)","line":10,"loc":{"start":{"line":10,"column":11},"end":{"line":10,"column":24}}},"2":{"name":"(anonymous_2)","line":11,"loc":{"start":{"line":11,"column":46},"end":{"line":11,"column":57}}},"3":{"name":"(anonymous_3)","line":19,"loc":{"start":{"line":19,"column":33},"end":{"line":19,"column":44}}},"4":{"name":"(anonymous_4)","line":22,"loc":{"start":{"line":22,"column":53},"end":{"line":22,"column":67}}},"5":{"name":"(anonymous_5)","line":46,"loc":{"start":{"line":46,"column":7},"end":{"line":46,"column":18}}}},"statementMap":{"1":{"start":{"line":7,"column":0},"end":{"line":7,"column":38}},"2":{"start":{"line":8,"column":0},"end":{"line":8,"column":32}},"3":{"start":{"line":10,"column":0},"end":{"line":42,"column":2}},"4":{"start":{"line":11,"column":2},"end":{"line":41,"column":5}},"5":{"start":{"line":14,"column":4},"end":{"line":16,"column":7}},"6":{"start":{"line":19,"column":4},"end":{"line":40,"column":7}},"7":{"start":{"line":22,"column":6},"end":{"line":38,"column":9}},"8":{"start":{"line":23,"column":8},"end":{"line":30,"column":9}},"9":{"start":{"line":24,"column":10},"end":{"line":24,"column":45}},"10":{"start":{"line":25,"column":10},"end":{"line":29,"column":11}},"11":{"start":{"line":26,"column":12},"end":{"line":26,"column":35}},"12":{"start":{"line":28,"column":12},"end":{"line":28,"column":27}},"13":{"start":{"line":32,"column":8},"end":{"line":32,"column":36}},"14":{"start":{"line":33,"column":8},"end":{"line":37,"column":9}},"15":{"start":{"line":34,"column":10},"end":{"line":34,"column":26}},"16":{"start":{"line":36,"column":10},"end":{"line":36,"column":22}},"17":{"start":{"line":45,"column":0},"end":{"line":49,"column":1}},"18":{"start":{"line":46,"column":2},"end":{"line":48,"column":5}},"19":{"start":{"line":47,"column":4},"end":{"line":47,"column":45}},"20":{"start":{"line":51,"column":0},"end":{"line":51,"column":22}}},"branchMap":{"1":{"line":23,"type":"if","locations":[{"start":{"line":23,"column":8},"end":{"line":23,"column":8}},{"start":{"line":23,"column":8},"end":{"line":23,"column":8}}]},"2":{"line":25,"type":"if","locations":[{"start":{"line":25,"column":10},"end":{"line":25,"column":10}},{"start":{"line":25,"column":10},"end":{"line":25,"column":10}}]},"3":{"line":33,"type":"if","locations":[{"start":{"line":33,"column":8},"end":{"line":33,"column":8}},{"start":{"line":33,"column":8},"end":{"line":33,"column":8}}]},"4":{"line":45,"type":"if","locations":[{"start":{"line":45,"column":0},"end":{"line":45,"column":0}},{"start":{"line":45,"column":0},"end":{"line":45,"column":0}}]}}}}