TN:
SF:/home/pawel/Documents/wit/year4/semester1/modules/Fyp/Users-APIv2/app.js
FN:20,(anonymous_1)
FN:21,(anonymous_2)
FN:45,(anonymous_3)
FNF:3
FNH:0
FNDA:0,(anonymous_1)
FNDA:0,(anonymous_2)
FNDA:0,(anonymous_3)
DA:1,1
DA:2,1
DA:3,1
DA:4,1
DA:5,1
DA:6,1
DA:7,1
DA:8,1
DA:9,1
DA:11,1
DA:14,1
DA:15,1
DA:16,1
DA:17,1
DA:18,1
DA:20,1
DA:21,0
DA:22,0
DA:23,0
DA:24,0
DA:26,0
DA:29,0
DA:35,1
DA:39,1
DA:42,0
DA:45,0
DA:46,0
DA:50,1
LF:28
LH:19
BRDA:39,1,0,0
BRDA:39,1,1,1
BRF:2
BRH:1
end_of_record
TN:
SF:/home/pawel/Documents/wit/year4/semester1/modules/Fyp/Users-APIv2/controllers/users.js
FN:15,(anonymous_1)
FN:16,(anonymous_2)
FN:29,(anonymous_3)
FN:32,(anonymous_4)
FN:49,(anonymous_5)
FN:51,(anonymous_6)
FN:58,(anonymous_7)
FN:59,(anonymous_8)
FN:71,(anonymous_9)
FN:72,(anonymous_10)
FNF:10
FNH:10
FNDA:1,(anonymous_1)
FNDA:1,(anonymous_2)
FNDA:1,(anonymous_3)
FNDA:1,(anonymous_4)
FNDA:3,(anonymous_5)
FNDA:3,(anonymous_6)
FNDA:1,(anonymous_7)
FNDA:1,(anonymous_8)
FNDA:1,(anonymous_9)
FNDA:1,(anonymous_10)
DA:1,1
DA:2,1
DA:3,1
DA:5,1
DA:8,1
DA:11,1
DA:15,1
DA:16,1
DA:17,1
DA:18,0
DA:23,1
DA:29,1
DA:30,1
DA:33,1
DA:34,0
DA:39,1
DA:40,0
DA:43,1
DA:49,1
DA:50,3
DA:51,3
DA:52,3
DA:58,1
DA:59,1
DA:60,1
DA:61,0
DA:65,1
DA:71,1
DA:72,1
DA:73,1
DA:74,0
DA:78,1
DA:82,1
LF:33
LH:28
BRDA:17,1,0,0
BRDA:17,1,1,1
BRDA:33,2,0,0
BRDA:33,2,1,1
BRDA:39,3,0,0
BRDA:39,3,1,1
BRDA:60,4,0,0
BRDA:60,4,1,1
BRDA:73,5,0,0
BRDA:73,5,1,1
BRF:10
BRH:5
end_of_record
TN:
SF:/home/pawel/Documents/wit/year4/semester1/modules/Fyp/Users-APIv2/models/user.js
FNF:0
FNH:0
DA:1,1
DA:2,1
DA:4,1
DA:23,1
LF:4
LH:4
BRF:0
BRH:0
end_of_record
TN:
SF:/home/pawel/Documents/wit/year4/semester1/modules/Fyp/Users-APIv2/seed/seed.js
FN:10,(anonymous_1)
FN:11,(anonymous_2)
FN:19,(anonymous_3)
FN:22,(anonymous_4)
FN:46,(anonymous_5)
FNF:5
FNH:4
FNDA:1,(anonymous_1)
FNDA:1,(anonymous_2)
FNDA:1,(anonymous_3)
FNDA:1,(anonymous_4)
FNDA:0,(anonymous_5)
DA:7,1
DA:8,1
DA:10,1
DA:11,1
DA:14,1
DA:19,1
DA:22,1
DA:23,1
DA:24,0
DA:25,0
DA:26,0
DA:28,0
DA:32,1
DA:33,1
DA:34,0
DA:36,1
DA:45,1
DA:46,0
DA:47,0
DA:51,1
LF:20
LH:13
BRDA:23,1,0,0
BRDA:23,1,1,1
BRDA:25,2,0,0
BRDA:25,2,1,0
BRDA:33,3,0,0
BRDA:33,3,1,1
BRDA:45,4,0,0
BRDA:45,4,1,1
BRF:8
BRH:3
end_of_record
